# JRE version: OpenJDK Runtime Environment Zulu23.32+11-CA (23.0.2+7) (build 23.0.2+7)
# Java VM: OpenJDK 64-Bit Server VM Zulu23.32+11-CA (23.0.2+7, mixed mode, sharing, tiered, compressed oops, compressed class ptrs, g1 gc, windows-amd64)
GC Precious Log:
 CardTable entry size: 512
 Card Set container configuration: InlinePtr #cards 4 size 8 Array Of Cards #cards 64 size 144 Howl #buckets 8 coarsen threshold 14745 Howl Bitmap #cards 2048 size 272 coarsen threshold 1843 Card regions per heap region 1 cards per card region 16384
 CPUs: 12 total, 12 available
 Memory: 16196M
 Large Page Support: Disabled
 NUMA Support: Disabled
 Compressed Oops: Enabled (Zero based)
 Heap Region Size: 8M
 Heap Min Capacity: 8M
 Heap Initial Capacity: 256M
 Heap Max Capacity: 12960M
 Pre-touch: Disabled
 Parallel Workers: 10
 Concurrent Workers: 3
 Concurrent Refinement Workers: 10
 Periodic GC: Disabled
Heap:
 garbage-first heap   total reserved 13271040K, committed 1015808K, used 353278K [0x00000004d6000000, 0x0000000800000000)
  region size 8192K, 1 young (8192K), 1 survivors (8192K)
 Metaspace       used 27332K, committed 27840K, reserved 1114112K
  class space    used 2980K, committed 3200K, reserved 1048576K
GC Heap History (20 events):
Event: 125.337 GC heap after
{Heap after GC invocations=52 (full 11):
 garbage-first heap   total reserved 13271040K, committed 507904K, used 318142K [0x00000004d6000000, 0x0000000800000000)
  region size 8192K, 3 young (24576K), 3 survivors (24576K)
 Metaspace       used 26062K, committed 26560K, reserved 1114112K
  class space    used 2829K, committed 3072K, reserved 1048576K
}
Event: 126.775 GC heap before
{Heap before GC invocations=52 (full 11):
 garbage-first heap   total reserved 13271040K, committed 507904K, used 424638K [0x00000004d6000000, 0x0000000800000000)
  region size 8192K, 16 young (131072K), 3 survivors (24576K)
 Metaspace       used 26062K, committed 26560K, reserved 1114112K
  class space    used 2829K, committed 3072K, reserved 1048576K
}
Event: 126.808 GC heap after
{Heap after GC invocations=53 (full 11):
 garbage-first heap   total reserved 13271040K, committed 507904K, used 320555K [0x00000004d6000000, 0x0000000800000000)
  region size 8192K, 2 young (16384K), 2 survivors (16384K)
 Metaspace       used 26062K, committed 26560K, reserved 1114112K
  class space    used 2829K, committed 3072K, reserved 1048576K
}
Event: 127.623 GC heap before
{Heap before GC invocations=53 (full 11):
 garbage-first heap   total reserved 13271040K, committed 507904K, used 427051K [0x00000004d6000000, 0x0000000800000000)
  region size 8192K, 15 young (122880K), 2 survivors (16384K)
 Metaspace       used 26062K, committed 26560K, reserved 1114112K
  class space    used 2829K, committed 3072K, reserved 1048576K
}
Event: 127.650 GC heap after
{Heap after GC invocations=54 (full 11):
 garbage-first heap   total reserved 13271040K, committed 1286144K, used 354227K [0x00000004d6000000, 0x0000000800000000)
  region size 8192K, 2 young (16384K), 2 survivors (16384K)
 Metaspace       used 26062K, committed 26560K, reserved 1114112K
  class space    used 2829K, committed 3072K, reserved 1048576K
}
Event: 136.996 GC heap before
{Heap before GC invocations=55 (full 11):
 garbage-first heap   total reserved 13271040K, committed 1146880K, used 894899K [0x00000004d6000000, 0x0000000800000000)
  region size 8192K, 70 young (573440K), 2 survivors (16384K)
 Metaspace       used 26867K, committed 27328K, reserved 1114112K
  class space    used 2913K, committed 3136K, reserved 1048576K
}
Event: 137.098 GC heap after
{Heap after GC invocations=56 (full 11):
 garbage-first heap   total reserved 13271040K, committed 1146880K, used 452531K [0x00000004d6000000, 0x0000000800000000)
  region size 8192K, 9 young (73728K), 9 survivors (73728K)
 Metaspace       used 26867K, committed 27328K, reserved 1114112K
  class space    used 2913K, committed 3136K, reserved 1048576K
}
Event: 137.443 GC heap before
{Heap before GC invocations=56 (full 11):
 garbage-first heap   total reserved 13271040K, committed 1146880K, used 477107K [0x00000004d6000000, 0x0000000800000000)
  region size 8192K, 13 young (106496K), 9 survivors (73728K)
 Metaspace       used 26891K, committed 27328K, reserved 1114112K
  class space    used 2919K, committed 3136K, reserved 1048576K
}
Event: 137.666 GC heap after
{Heap after GC invocations=57 (full 12):
 garbage-first heap   total reserved 13271040K, committed 1015808K, used 259477K [0x00000004d6000000, 0x0000000800000000)
  region size 8192K, 0 young (0K), 0 survivors (0K)
 Metaspace       used 26891K, committed 27328K, reserved 1114112K
  class space    used 2919K, committed 3136K, reserved 1048576K
}
Event: 140.067 GC heap before
{Heap before GC invocations=57 (full 12):
 garbage-first heap   total reserved 13271040K, committed 1015808K, used 628117K [0x00000004d6000000, 0x0000000800000000)
  region size 8192K, 45 young (368640K), 0 survivors (0K)
 Metaspace       used 26895K, committed 27328K, reserved 1114112K
  class space    used 2919K, committed 3136K, reserved 1048576K
}
Event: 140.121 GC heap after
{Heap after GC invocations=58 (full 12):
 garbage-first heap   total reserved 13271040K, committed 1015808K, used 360651K [0x00000004d6000000, 0x0000000800000000)
  region size 8192K, 6 young (49152K), 6 survivors (49152K)
 Metaspace       used 26895K, committed 27328K, reserved 1114112K
  class space    used 2919K, committed 3136K, reserved 1048576K
}
Event: 140.529 GC heap before
{Heap before GC invocations=58 (full 12):
 garbage-first heap   total reserved 13271040K, committed 1015808K, used 368843K [0x00000004d6000000, 0x0000000800000000)
  region size 8192K, 8 young (65536K), 6 survivors (49152K)
 Metaspace       used 26895K, committed 27328K, reserved 1114112K
  class space    used 2919K, committed 3136K, reserved 1048576K
}
Event: 140.799 GC heap after
{Heap after GC invocations=59 (full 13):
 garbage-first heap   total reserved 13271040K, committed 1015808K, used 265181K [0x00000004d6000000, 0x0000000800000000)
  region size 8192K, 0 young (0K), 0 survivors (0K)
 Metaspace       used 26895K, committed 27328K, reserved 1114112K
  class space    used 2919K, committed 3136K, reserved 1048576K
}
Event: 153.515 GC heap before
{Heap before GC invocations=59 (full 13):
 garbage-first heap   total reserved 13271040K, committed 1015808K, used 650205K [0x00000004d6000000, 0x0000000800000000)
  region size 8192K, 47 young (385024K), 0 survivors (0K)
 Metaspace       used 26962K, committed 27456K, reserved 1114112K
  class space    used 2923K, committed 3136K, reserved 1048576K
}
Event: 153.592 GC heap after
{Heap after GC invocations=60 (full 13):
 garbage-first heap   total reserved 13271040K, committed 1015808K, used 337480K [0x00000004d6000000, 0x0000000800000000)
  region size 8192K, 6 young (49152K), 6 survivors (49152K)
 Metaspace       used 26962K, committed 27456K, reserved 1114112K
  class space    used 2923K, committed 3136K, reserved 1048576K
}
Event: 170.397 GC heap before
{Heap before GC invocations=60 (full 13):
 garbage-first heap   total reserved 13271040K, committed 1015808K, used 706120K [0x00000004d6000000, 0x0000000800000000)
  region size 8192K, 51 young (417792K), 6 survivors (49152K)
 Metaspace       used 27330K, committed 27840K, reserved 1114112K
  class space    used 2979K, committed 3200K, reserved 1048576K
}
Event: 172.101 GC heap after
{Heap after GC invocations=61 (full 13):
 garbage-first heap   total reserved 13271040K, committed 1015808K, used 353114K [0x00000004d6000000, 0x0000000800000000)
  region size 8192K, 2 young (16384K), 2 survivors (16384K)
 Metaspace       used 27330K, committed 27840K, reserved 1114112K
  class space    used 2979K, committed 3200K, reserved 1048576K
}
Event: 172.515 GC heap before
{Heap before GC invocations=61 (full 13):
 garbage-first heap   total reserved 13271040K, committed 1015808K, used 385882K [0x00000004d6000000, 0x0000000800000000)
  region size 8192K, 6 young (49152K), 2 survivors (16384K)
 Metaspace       used 27332K, committed 27840K, reserved 1114112K
  class space    used 2980K, committed 3200K, reserved 1048576K
}
Event: 172.547 GC heap after
{Heap after GC invocations=62 (full 13):
 garbage-first heap   total reserved 13271040K, committed 1015808K, used 354467K [0x00000004d6000000, 0x0000000800000000)
  region size 8192K, 1 young (8192K), 1 survivors (8192K)
 Metaspace       used 27332K, committed 27840K, reserved 1114112K
  class space    used 2980K, committed 3200K, reserved 1048576K
}
Event: 173.184 GC heap before
{Heap before GC invocations=62 (full 13):
 garbage-first heap   total reserved 13271040K, committed 1015808K, used 420003K [0x00000004d6000000, 0x0000000800000000)
  region size 8192K, 9 young (73728K), 1 survivors (8192K)
 Metaspace       used 27332K, committed 27840K, reserved 1114112K
  class space    used 2980K, committed 3200K, reserved 1048576K
}

